#
# A fatal error has been detected by the Java Runtime Environment:
#
#  SIGSEGV (0xb) at pc=0x00007faf1d8a4e65, pid=10727, tid=140389800118016
#
# JRE version: Java(TM) SE Runtime Environment (7.0_80-b15) (build 1.7.0_80-b15)
# Java VM: Java HotSpot(TM) 64-Bit Server VM (24.80-b11 mixed mode linux-amd64 compressed oops)
# Problematic frame:
# V  [libjvm.so+0x89ce65]  PhaseChaitin::Split(unsigned int, ResourceArea*)+0x2695
#
# Failed to write core dump. Core dumps have been disabled. To enable core dumping, try "ulimit -c unlimited" before starting Java again
#
# If you would like to submit a bug report, please visit:
#   http://bugreport.java.com/bugreport/crash.jsp
#

---------------  T H R E A D  ---------------

Current thread (0x00007faf18093800):  JavaThread "C2 CompilerThread0" daemon [_thread_in_native, id=10738, stack(0x00007faf0c1a8000,0x00007faf0c2a9000)]

siginfo:si_signo=SIGSEGV: si_errno=0, si_code=1 (SEGV_MAPERR), si_addr=0x0000000000000000

Registers:
RAX=0x0000000000000000, RBX=0x0000000000000011, RCX=0x0000000000000003, RDX=0x00007faee81242f0
RSP=0x00007faf0c2a40b0, RBP=0x00007faf0c2a45a0, RSI=0x00007faee81acc80, RDI=0x00007faee42a2650
R8 =0x0000000000000003, R9 =0x0000000000000008, R10=0x0000000000000001, R11=0x00007faee4178770
R12=0x0000000000000001, R13=0x0000000000000002, R14=0x0000000000000000, R15=0x0000000000000000
RIP=0x00007faf1d8a4e65, EFLAGS=0x0000000000010246, CSGSFS=0xffff000000000033, ERR=0x0000000000000006
  TRAPNO=0x000000000000000e

Top of Stack: (sp=0x00007faf0c2a40b0)
0x00007faf0c2a40b0:   00007faee81acae0 00007faf0c2a43d0
0x00007faf0c2a40c0:   00007fae0000002c 0000000000000001
0x00007faf0c2a40d0:   0000000000000003 000000000000002c
0x00007faf0c2a40e0:   0101010101010101 0101010101010101
0x00007faf0c2a40f0:   0000000000000000 0000000000000000
0x00007faf0c2a4100:   00007faf0c2a4430 00007faf0c2a43f0
0x00007faf0c2a4110:   00007faf0c2a4410 00007faf0c2a44d0
0x00007faf0c2a4120:   00007faf0c2a4450 00007faf0c2a4510
0x00007faf0c2a4130:   00007faf0c2a435c 00007faf0c2a44f0
0x00007faf0c2a4140:   00007faf0c2a44b0 00007faf0c2a4490
0x00007faf0c2a4150:   00007faf0c2a4470 0000000000000000
0x00007faf0c2a4160:   0000000000000000 0000000000000000
0x00007faf0c2a4170:   0000000000000000 000000000000c300
0x00007faf0c2a4180:   000000000000e3e8 00007faf0c2a47a0
0x00007faf0c2a4190:   00007faf0c2a5de0 000000000000000f
0x00007faf0c2a41a0:   0000000000000198 00007faee8124d08
0x00007faf0c2a41b0:   00007faee8124e3f 00007faf0c2a5ea8
0x00007faf0c2a41c0:   0000000000000000 0000000000000000
0x00007faf0c2a41d0:   0000003400000000 00007faee8124150
0x00007faf0c2a41e0:   00007faee42a23d0 00007faee42a2410
0x00007faf0c2a41f0:   00007faee81242f0 0100000000000000
0x00007faf0c2a4200:   00007faee807da90 000002311d5b9fd8
0x00007faf0c2a4210:   0000000000000000 00007faf0c2a6c40
0x00007faf0c2a4220:   000000000000000d 0000000100000000
0x00007faf0c2a4230:   0000000f00000000 0000000000000000
0x00007faf0c2a4240:   0000000000000001 00007faf1de412c0
0x00007faf0c2a4250:   0101000000010330 00007faf0c2a5de0
0x00007faf0c2a4260:   01007faf0000000f 00007faee4174d90
0x00007faf0c2a4270:   000000000000027e 00007faf0c2a4290
0x00007faf0c2a4280:   0000000000018ec0 0000027e00000000
0x00007faf0c2a4290:   00000000000003d8 00007faee4001aa8
0x00007faf0c2a42a0:   00007faee40016d0 00007faee40016c0 

Instructions: (pc=0x00007faf1d8a4e65)
0x00007faf1d8a4e45:   10 48 83 c3 01 39 9d 34 fc ff ff 0f 86 98 ea ff
0x00007faf1d8a4e55:   ff 48 8b 95 50 fc ff ff 31 c0 80 3c 1a 00 75 0b
0x00007faf1d8a4e65:   48 8b 8d 38 fc ff ff 48 8b 04 d9 48 8b b5 50 fd
0x00007faf1d8a4e75:   ff ff 48 89 04 de 48 8b 85 50 fc ff ff 80 3c 18 

Register to memory mapping:

RAX=0x0000000000000000 is an unknown value
RBX=0x0000000000000011 is an unknown value
RCX=0x0000000000000003 is an unknown value
RDX=0x00007faee81242f0 is an unknown value
RSP=0x00007faf0c2a40b0 is pointing into the stack for thread: 0x00007faf18093800
RBP=0x00007faf0c2a45a0 is pointing into the stack for thread: 0x00007faf18093800
RSI=0x00007faee81acc80 is an unknown value
RDI=0x00007faee42a2650 is an unknown value
R8 =0x0000000000000003 is an unknown value
R9 =0x0000000000000008 is an unknown value
R10=0x0000000000000001 is an unknown value
R11=0x00007faee4178770 is an unknown value
R12=0x0000000000000001 is an unknown value
R13=0x0000000000000002 is an unknown value
R14=0x0000000000000000 is an unknown value
R15=0x0000000000000000 is an unknown value


Stack: [0x00007faf0c1a8000,0x00007faf0c2a9000],  sp=0x00007faf0c2a40b0,  free space=1008k
Native frames: (J=compiled Java code, j=interpreted, Vv=VM code, C=native code)
V  [libjvm.so+0x89ce65]  PhaseChaitin::Split(unsigned int, ResourceArea*)+0x2695
V  [libjvm.so+0x3cbe95]  PhaseChaitin::Register_Allocate()+0x565
V  [libjvm.so+0x444b9f]  Compile::Code_Gen()+0x36f
V  [libjvm.so+0x447d02]  Compile::Compile(ciEnv*, C2Compiler*, ciMethod*, int, bool, bool)+0x1352
V  [libjvm.so+0x3b2516]  C2Compiler::compile_method(ciEnv*, ciMethod*, int)+0x176
V  [libjvm.so+0x44f6ce]  CompileBroker::invoke_compiler_on_method(CompileTask*)+0x33e
V  [libjvm.so+0x450458]  CompileBroker::compiler_thread_loop()+0x3e8
V  [libjvm.so+0x95bfff]  JavaThread::thread_main_inner()+0xdf
V  [libjvm.so+0x95c105]  JavaThread::run()+0xf5
V  [libjvm.so+0x8238c8]  java_start(Thread*)+0x108


Current CompileTask:
C2:   3367  444             scala.collection.immutable.HashSet$HashTrieSet::updated0 (234 bytes)


---------------  P R O C E S S  ---------------

Java Threads: ( => current thread )
  0x00007faf18547000 JavaThread "process reaper" daemon [_thread_blocked, id=10745, stack(0x00007faef6d85000,0x00007faef6dbe000)]
  0x00007faf180d8800 JavaThread "Monitor Ctrl-Break" daemon [_thread_in_native, id=10742, stack(0x00007faef7419000,0x00007faef751a000)]
  0x00007faf18099000 JavaThread "Service Thread" daemon [_thread_blocked, id=10740, stack(0x00007faef781d000,0x00007faef791e000)]
  0x00007faf18096800 JavaThread "C2 CompilerThread1" daemon [_thread_blocked, id=10739, stack(0x00007faf0c0a7000,0x00007faf0c1a8000)]
=>0x00007faf18093800 JavaThread "C2 CompilerThread0" daemon [_thread_in_native, id=10738, stack(0x00007faf0c1a8000,0x00007faf0c2a9000)]
  0x00007faf18091800 JavaThread "Signal Dispatcher" daemon [_thread_blocked, id=10737, stack(0x00007faf0c2a9000,0x00007faf0c3aa000)]
  0x00007faf18070000 JavaThread "Finalizer" daemon [_thread_blocked, id=10736, stack(0x00007faf0c3aa000,0x00007faf0c4ab000)]
  0x00007faf1806e000 JavaThread "Reference Handler" daemon [_thread_blocked, id=10735, stack(0x00007faf0c4ab000,0x00007faf0c5ac000)]
  0x00007faf1800a000 JavaThread "main" [_thread_in_Java, id=10729, stack(0x00007faf1e983000,0x00007faf1ea84000)]

Other Threads:
  0x00007faf1806a000 VMThread [stack: 0x00007faf0c5ac000,0x00007faf0c6ad000] [id=10734]
  0x00007faf180a4000 WatcherThread [stack: 0x00007faef771c000,0x00007faef781d000] [id=10741]

VM state:not at safepoint (normal execution)

VM Mutex/Monitor currently owned by a thread: None

Heap
 PSYoungGen      total 153600K, used 34837K [0x00000000eaa80000, 0x00000000f5580000, 0x0000000100000000)
  eden space 132096K, 10% used [0x00000000eaa80000,0x00000000eb78bfb0,0x00000000f2b80000)
  from space 21504K, 99% used [0x00000000f2b80000,0x00000000f40797a8,0x00000000f4080000)
  to   space 21504K, 0% used [0x00000000f4080000,0x00000000f4080000,0x00000000f5580000)
 ParOldGen       total 349696K, used 321K [0x00000000c0000000, 0x00000000d5580000, 0x00000000eaa80000)
  object space 349696K, 0% used [0x00000000c0000000,0x00000000c00506d0,0x00000000d5580000)
 PSPermGen       total 29184K, used 28803K [0x00000000b0000000, 0x00000000b1c80000, 0x00000000c0000000)
  object space 29184K, 98% used [0x00000000b0000000,0x00000000b1c20f40,0x00000000b1c80000)

Card table byte_map: [0x00007faf1495b000,0x00007faf14bdc000] byte_map_base: 0x00007faf143db000

Polling page: 0x00007faf1ea9e000

Code Cache  [0x00007faf14bdc000, 0x00007faf14e4c000, 0x00007faf17bdc000)
 total_blobs=768 nmethods=443 adapters=278 free_code_cache=48123Kb largest_free_block=49247680

Compilation events (10 events):
Event: 3.331 Thread 0x00007faf18096800 nmethod 439 0x00007faf14cdbd50 code [0x00007faf14cdbe80, 0x00007faf14cdbeb8]
Event: 3.331 Thread 0x00007faf18093800  440             scala.collection.Set$class::$init$ (1 bytes)
Event: 3.331 Thread 0x00007faf18093800 nmethod 440 0x00007faf14ce1250 code [0x00007faf14ce1380, 0x00007faf14ce13b8]
Event: 3.338 Thread 0x00007faf18096800  441             sbt.Init$ScopedKey::<init> (48 bytes)
Event: 3.339 Thread 0x00007faf18093800  442             scala.collection.AbstractSet::<init> (33 bytes)
Event: 3.340 Thread 0x00007faf18096800 nmethod 441 0x00007faf14ce0ed0 code [0x00007faf14ce1020, 0x00007faf14ce1138]
Event: 3.340 Thread 0x00007faf18096800  443             scala.collection.immutable.Set$class::$init$ (1 bytes)
Event: 3.340 Thread 0x00007faf18093800 nmethod 442 0x00007faf14ce0cd0 code [0x00007faf14ce0e00, 0x00007faf14ce0e58]
Event: 3.340 Thread 0x00007faf18096800 nmethod 443 0x00007faf14ce0b10 code [0x00007faf14ce0c40, 0x00007faf14ce0c78]
Event: 3.343 Thread 0x00007faf18093800  444             scala.collection.immutable.HashSet$HashTrieSet::updated0 (234 bytes)

GC Heap History (2 events):
Event: 3.096 GC heap before
{Heap before GC invocations=1 (full 0):
 PSYoungGen      total 153600K, used 132096K [0x00000000eaa80000, 0x00000000f5580000, 0x0000000100000000)
  eden space 132096K, 100% used [0x00000000eaa80000,0x00000000f2b80000,0x00000000f2b80000)
  from space 21504K, 0% used [0x00000000f4080000,0x00000000f4080000,0x00000000f5580000)
  to   space 21504K, 0% used [0x00000000f2b80000,0x00000000f2b80000,0x00000000f4080000)
 ParOldGen       total 349696K, used 0K [0x00000000c0000000, 0x00000000d5580000, 0x00000000eaa80000)
  object space 349696K, 0% used [0x00000000c0000000,0x00000000c0000000,0x00000000d5580000)
 PSPermGen       total 28160K, used 27908K [0x00000000b0000000, 0x00000000b1b80000, 0x00000000c0000000)
  object space 28160K, 99% used [0x00000000b0000000,0x00000000b1b41120,0x00000000b1b80000)
Event: 3.118 GC heap after
Heap after GC invocations=1 (full 0):
 PSYoungGen      total 153600K, used 21477K [0x00000000eaa80000, 0x00000000f5580000, 0x0000000100000000)
  eden space 132096K, 0% used [0x00000000eaa80000,0x00000000eaa80000,0x00000000f2b80000)
  from space 21504K, 99% used [0x00000000f2b80000,0x00000000f40797a8,0x00000000f4080000)
  to   space 21504K, 0% used [0x00000000f4080000,0x00000000f4080000,0x00000000f5580000)
 ParOldGen       total 349696K, used 321K [0x00000000c0000000, 0x00000000d5580000, 0x00000000eaa80000)
  object space 349696K, 0% used [0x00000000c0000000,0x00000000c00506d0,0x00000000d5580000)
 PSPermGen       total 28160K, used 27908K [0x00000000b0000000, 0x00000000b1b80000, 0x00000000c0000000)
  object space 28160K, 99% used [0x00000000b0000000,0x00000000b1b41120,0x00000000b1b80000)
}

Deoptimization events (10 events):
Event: 3.293 Thread 0x00007faf1800a000 Uncommon trap: reason=class_check action=maybe_recompile pc=0x00007faf14ccf6cc method=scala.collection.immutable.HashMap$HashTrieMap.get0(Ljava/lang/Object;II)Lscala/Option; @ 37
Event: 3.294 Thread 0x00007faf1800a000 Uncommon trap: reason=class_check action=maybe_recompile pc=0x00007faf14ccf6cc method=scala.collection.immutable.HashMap$HashTrieMap.get0(Ljava/lang/Object;II)Lscala/Option; @ 37
Event: 3.294 Thread 0x00007faf1800a000 Uncommon trap: reason=class_check action=maybe_recompile pc=0x00007faf14ccf6cc method=scala.collection.immutable.HashMap$HashTrieMap.get0(Ljava/lang/Object;II)Lscala/Option; @ 37
Event: 3.295 Thread 0x00007faf1800a000 Uncommon trap: reason=unstable_if action=reinterpret pc=0x00007faf14cac3ec method=java.util.concurrent.locks.ReentrantLock$Sync.tryRelease(I)Z @ 28
Event: 3.295 Thread 0x00007faf1800a000 Uncommon trap: reason=unstable_if action=reinterpret pc=0x00007faf14cacb18 method=java.util.concurrent.locks.ReentrantLock$Sync.tryRelease(I)Z @ 28
Event: 3.327 Thread 0x00007faf1800a000 Uncommon trap: reason=bimorphic action=maybe_recompile pc=0x00007faf14cbdd24 method=scala.collection.TraversableLike$$anonfun$flatMap$1.apply(Ljava/lang/Object;)Lscala/collection/mutable/Builder; @ 17
Event: 3.327 Thread 0x00007faf1800a000 Uncommon trap: reason=bimorphic action=maybe_recompile pc=0x00007faf14cbdd24 method=scala.collection.TraversableLike$$anonfun$flatMap$1.apply(Ljava/lang/Object;)Lscala/collection/mutable/Builder; @ 17
Event: 3.328 Thread 0x00007faf1800a000 Uncommon trap: reason=bimorphic action=maybe_recompile pc=0x00007faf14cbdd24 method=scala.collection.TraversableLike$$anonfun$flatMap$1.apply(Ljava/lang/Object;)Lscala/collection/mutable/Builder; @ 17
Event: 3.328 Thread 0x00007faf1800a000 Uncommon trap: reason=bimorphic action=maybe_recompile pc=0x00007faf14cbdd24 method=scala.collection.TraversableLike$$anonfun$flatMap$1.apply(Ljava/lang/Object;)Lscala/collection/mutable/Builder; @ 17
Event: 3.328 Thread 0x00007faf1800a000 Uncommon trap: reason=bimorphic action=maybe_recompile pc=0x00007faf14cbfd64 method=scala.collection.TraversableLike$$anonfun$flatMap$1.apply(Ljava/lang/Object;)Lscala/collection/mutable/Builder; @ 17

Internal exceptions (10 events):
Event: 3.353 Thread 0x00007faf1800a000 Threw 0x00000000eb58f958 at /HUDSON/workspace/7u-2-build-linux-amd64/jdk7u80/2329/hotspot/src/share/vm/prims/jvm.cpp:1319
Event: 3.353 Thread 0x00007faf1800a000 Threw 0x00000000eb594910 at /HUDSON/workspace/7u-2-build-linux-amd64/jdk7u80/2329/hotspot/src/share/vm/prims/jvm.cpp:1319
Event: 3.353 Thread 0x00007faf1800a000 Threw 0x00000000eb595270 at /HUDSON/workspace/7u-2-build-linux-amd64/jdk7u80/2329/hotspot/src/share/vm/prims/jvm.cpp:1319
Event: 3.353 Thread 0x00007faf1800a000 Threw 0x00000000eb596228 at /HUDSON/workspace/7u-2-build-linux-amd64/jdk7u80/2329/hotspot/src/share/vm/prims/jvm.cpp:1319
Event: 3.353 Thread 0x00007faf1800a000 Threw 0x00000000eb59b948 at /HUDSON/workspace/7u-2-build-linux-amd64/jdk7u80/2329/hotspot/src/share/vm/prims/jvm.cpp:1319
Event: 3.353 Thread 0x00007faf1800a000 Threw 0x00000000eb59c290 at /HUDSON/workspace/7u-2-build-linux-amd64/jdk7u80/2329/hotspot/src/share/vm/prims/jvm.cpp:1319
Event: 3.353 Thread 0x00007faf1800a000 Threw 0x00000000eb59d218 at /HUDSON/workspace/7u-2-build-linux-amd64/jdk7u80/2329/hotspot/src/share/vm/prims/jvm.cpp:1319
Event: 3.354 Thread 0x00007faf1800a000 Threw 0x00000000eb5a3ea8 at /HUDSON/workspace/7u-2-build-linux-amd64/jdk7u80/2329/hotspot/src/share/vm/prims/jvm.cpp:1319
Event: 3.354 Thread 0x00007faf1800a000 Threw 0x00000000eb5a4808 at /HUDSON/workspace/7u-2-build-linux-amd64/jdk7u80/2329/hotspot/src/share/vm/prims/jvm.cpp:1319
Event: 3.354 Thread 0x00007faf1800a000 Threw 0x00000000eb5a57c0 at /HUDSON/workspace/7u-2-build-linux-amd64/jdk7u80/2329/hotspot/src/share/vm/prims/jvm.cpp:1319

Events (10 events):
Event: 3.352 loading class 0x00007faf187e90a0
Event: 3.352 loading class 0x00007faf187e90a0 done
Event: 3.353 loading class 0x00007faf18c65d00
Event: 3.353 loading class 0x00007faf18c65d00 done
Event: 3.353 loading class 0x00007faf187e90d0
Event: 3.353 loading class 0x00007faf187e90d0 done
Event: 3.353 loading class 0x00007faf18c60320
Event: 3.353 loading class 0x00007faf18c60320 done
Event: 3.354 loading class 0x00007faf18c635f0
Event: 3.354 loading class 0x00007faf18c635f0 done


Dynamic libraries:
00400000-00401000 r-xp 00000000 08:02 4068196                            /usr/lib/jvm/java-7-oracle/bin/java
00600000-00601000 rw-p 00000000 08:02 4068196                            /usr/lib/jvm/java-7-oracle/bin/java
00d0d000-00d2e000 rw-p 00000000 00:00 0                                  [heap]
b0000000-b1c80000 rw-p 00000000 00:00 0 
b1c80000-c0000000 rw-p 00000000 00:00 0 
c0000000-d5580000 rw-p 00000000 00:00 0 
d5580000-eaa80000 rw-p 00000000 00:00 0 
eaa80000-f5580000 rw-p 00000000 00:00 0 
f5580000-100000000 rw-p 00000000 00:00 0 
7faec4000000-7faec4021000 rw-p 00000000 00:00 0 
7faec4021000-7faec8000000 ---p 00000000 00:00 0 
7faec8000000-7faec8021000 rw-p 00000000 00:00 0 
7faec8021000-7faecc000000 ---p 00000000 00:00 0 
7faecc000000-7faecc021000 rw-p 00000000 00:00 0 
7faecc021000-7faed0000000 ---p 00000000 00:00 0 
7faed0000000-7faed0021000 rw-p 00000000 00:00 0 
7faed0021000-7faed4000000 ---p 00000000 00:00 0 
7faed4000000-7faed4021000 rw-p 00000000 00:00 0 
7faed4021000-7faed8000000 ---p 00000000 00:00 0 
7faed8000000-7faed8021000 rw-p 00000000 00:00 0 
7faed8021000-7faedc000000 ---p 00000000 00:00 0 
7faedc000000-7faedc021000 rw-p 00000000 00:00 0 
7faedc021000-7faee0000000 ---p 00000000 00:00 0 
7faee0000000-7faee0021000 rw-p 00000000 00:00 0 
7faee0021000-7faee4000000 ---p 00000000 00:00 0 
7faee4000000-7faee467d000 rw-p 00000000 00:00 0 
7faee467d000-7faee8000000 ---p 00000000 00:00 0 
7faee8000000-7faee8448000 rw-p 00000000 00:00 0 
7faee8448000-7faeec000000 ---p 00000000 00:00 0 
7faeec000000-7faeec021000 rw-p 00000000 00:00 0 
7faeec021000-7faef0000000 ---p 00000000 00:00 0 
7faef0000000-7faef0021000 rw-p 00000000 00:00 0 
7faef0021000-7faef4000000 ---p 00000000 00:00 0 
7faef697c000-7faef697d000 rw-p 00000000 00:00 0 
7faef697d000-7faef6980000 ---p 00000000 00:00 0 
7faef6980000-7faef6a7e000 rw-p 00000000 00:00 0 
7faef6a7e000-7faef6a81000 ---p 00000000 00:00 0 
7faef6a81000-7faef6b7f000 rw-p 00000000 00:00 0 
7faef6b7f000-7faef6b82000 ---p 00000000 00:00 0 
7faef6b82000-7faef6c80000 rw-p 00000000 00:00 0 
7faef6c80000-7faef6c83000 ---p 00000000 00:00 0 
7faef6c83000-7faef6d81000 rw-p 00000000 00:00 0 
7faef6d81000-7faef6d85000 r--s 0008b000 08:02 4068240                    /usr/lib/jvm/java-7-oracle/jre/lib/jsse.jar
7faef6d85000-7faef6d88000 ---p 00000000 00:00 0 
7faef6d88000-7faef6dbe000 rw-p 00000000 00:00 0                          [stack:10745]
7faef6dbe000-7faef6dc0000 r--s 0000b000 08:02 1966448                    /home/ben/.sbt/boot/scala-2.10.4/org.scala-sbt/sbt/0.13.5/xsbti/interface-0.13.5.jar
7faef6dc0000-7faef6dc2000 r--s 0000e000 08:02 1966450                    /home/ben/.sbt/boot/scala-2.10.4/org.scala-sbt/sbt/0.13.5/logic-0.13.5.jar
7faef6dc2000-7faef6dd7000 r--s 00116000 08:02 1966436                    /home/ben/.sbt/boot/scala-2.10.4/org.scala-sbt/sbt/0.13.5/ivy-2.3.0.jar
7faef6dd7000-7faef6dda000 r--s 0001a000 08:02 1966425                    /home/ben/.sbt/boot/scala-2.10.4/org.scala-sbt/sbt/0.13.5/cache-0.13.5.jar
7faef6dda000-7faef6dde000 r--s 0001b000 08:02 1966418                    /home/ben/.sbt/boot/scala-2.10.4/org.scala-sbt/sbt/0.13.5/process-0.13.5.jar
7faef6dde000-7faef6e05000 r--s 00200000 08:02 1966426                    /home/ben/.sbt/boot/scala-2.10.4/org.scala-sbt/sbt/0.13.5/main-0.13.5.jar
7faef6e05000-7faef6e0a000 r--s 00036000 08:02 1966444                    /home/ben/.sbt/boot/scala-2.10.4/org.scala-sbt/sbt/0.13.5/command-0.13.5.jar
7faef6e0a000-7faef6e0e000 r--s 00024000 08:02 1966449                    /home/ben/.sbt/boot/scala-2.10.4/org.scala-sbt/sbt/0.13.5/persist-0.13.5.jar
7faef6e0e000-7faef6e15000 r--s 00049000 08:02 1966422                    /home/ben/.sbt/boot/scala-2.10.4/org.scala-sbt/sbt/0.13.5/api-0.13.5.jar
7faef6e15000-7faef6e17000 r--s 00014000 08:02 1966419                    /home/ben/.sbt/boot/scala-2.10.4/org.scala-sbt/sbt/0.13.5/apply-macro-0.13.5.jar
7faef6e17000-7faef6e22000 r--s 000a3000 08:02 1966434                    /home/ben/.sbt/boot/scala-2.10.4/org.scala-sbt/sbt/0.13.5/ivy-0.13.5.jar
7faef6e22000-7faef6e2a000 r--s 00057000 08:02 1966421                    /home/ben/.sbt/boot/scala-2.10.4/org.scala-sbt/sbt/0.13.5/completion-0.13.5.jar
7faef6e2a000-7faef6e2d000 r--s 00030000 08:02 1966411                    /home/ben/.sbt/boot/scala-2.10.4/org.scala-sbt/sbt/0.13.5/jline-2.11.jar
7faef6e2d000-7faef6e2f000 r--s 00001000 08:02 1966416                    /home/ben/.sbt/boot/scala-2.10.4/org.scala-sbt/sbt/0.13.5/compiler-ivy-integration-0.13.5.jar
7faef6e2f000-7faef6e35000 r--s 0003d000 08:02 1966412                    /home/ben/.sbt/boot/scala-2.10.4/org.scala-sbt/sbt/0.13.5/io-0.13.5.jar
7faef6e35000-7faef6e37000 r--s 00006000 08:02 1966423                    /home/ben/.sbt/boot/scala-2.10.4/org.scala-sbt/sbt/0.13.5/relation-0.13.5.jar
7faef6e37000-7faef6e41000 r--s 00090000 08:02 1966433                    /home/ben/.sbt/boot/scala-2.10.4/org.scala-sbt/sbt/0.13.5/main-settings-0.13.5.jar
7faef6e41000-7faef6e44000 r--s 0000e000 08:02 1966424                    /home/ben/.sbt/boot/scala-2.10.4/org.scala-sbt/sbt/0.13.5/compiler-integration-0.13.5.jar
7faef6e44000-7faef6e47000 r--s 00017000 08:02 1966443                    /home/ben/.sbt/boot/scala-2.10.4/org.scala-sbt/sbt/0.13.5/testing-0.13.5.jar
7faef6e47000-7faef6e4f000 r--s 0005e000 08:02 1966435                    /home/ben/.sbt/boot/scala-2.10.4/org.scala-sbt/sbt/0.13.5/incremental-compiler-0.13.5.jar
7faef6e4f000-7faef6e51000 r--s 00001000 08:02 1966429                    /home/ben/.sbt/boot/scala-2.10.4/org.scala-sbt/sbt/0.13.5/launcher-interface-0.13.5.jar
7faef6e51000-7faef6e54000 r--s 00012000 08:02 1966404                    /home/ben/.sbt/boot/scala-2.10.4/org.scala-sbt/sbt/0.13.5/classfile-0.13.5.jar
7faef6e54000-7faef6e8a000 r--s 002d9000 08:02 1966415                    /home/ben/.sbt/boot/scala-2.10.4/org.scala-sbt/sbt/0.13.5/scala-reflect-2.10.4.jar
7faef6e8a000-7faef6e93000 r--s 00064000 08:02 1966427                    /home/ben/.sbt/boot/scala-2.10.4/org.scala-sbt/sbt/0.13.5/actions-0.13.5.jar
7faef6e93000-7faef6e9b000 r--s 0005c000 08:02 1966417                    /home/ben/.sbt/boot/scala-2.10.4/org.scala-sbt/sbt/0.13.5/collections-0.13.5.jar
7faef6e9b000-7faef6ebe000 rw-p 00000000 00:00 0 
7faef6ebe000-7faef6fbb000 r--s 00cca000 08:02 1836503                    /home/ben/.sbt/boot/scala-2.10.4/lib/scala-compiler.jar
7faef6fbb000-7faef6ff1000 r--s 002d9000 08:02 1836505                    /home/ben/.sbt/boot/scala-2.10.4/lib/scala-reflect.jar
7faef6ff1000-7faef7001000 r-xp 00000000 08:02 4329375                    /usr/lib/jvm/java-7-oracle/jre/lib/amd64/libnio.so
7faef7001000-7faef7201000 ---p 00010000 08:02 4329375                    /usr/lib/jvm/java-7-oracle/jre/lib/amd64/libnio.so
7faef7201000-7faef7202000 rw-p 00010000 08:02 4329375                    /usr/lib/jvm/java-7-oracle/jre/lib/amd64/libnio.so
7faef7202000-7faef7219000 r-xp 00000000 08:02 4329419                    /usr/lib/jvm/java-7-oracle/jre/lib/amd64/libnet.so
7faef7219000-7faef7418000 ---p 00017000 08:02 4329419                    /usr/lib/jvm/java-7-oracle/jre/lib/amd64/libnet.so
7faef7418000-7faef7419000 rw-p 00016000 08:02 4329419                    /usr/lib/jvm/java-7-oracle/jre/lib/amd64/libnet.so
7faef7419000-7faef741c000 ---p 00000000 00:00 0 
7faef741c000-7faef751a000 rw-p 00000000 00:00 0                          [stack:10742]
7faef751a000-7faef751b000 r-xp 00000000 08:02 1575415                    /home/ben/Programming/idea-IC-141.178.9/bin/libbreakgen64.so
7faef751b000-7faef771a000 ---p 00001000 08:02 1575415                    /home/ben/Programming/idea-IC-141.178.9/bin/libbreakgen64.so
7faef771a000-7faef771b000 r--p 00000000 08:02 1575415                    /home/ben/Programming/idea-IC-141.178.9/bin/libbreakgen64.so
7faef771b000-7faef771c000 rw-p 00001000 08:02 1575415                    /home/ben/Programming/idea-IC-141.178.9/bin/libbreakgen64.so
7faef771c000-7faef771d000 ---p 00000000 00:00 0 
7faef771d000-7faef781d000 rw-p 00000000 00:00 0                          [stack:10741]
7faef781d000-7faef7820000 ---p 00000000 00:00 0 
7faef7820000-7faef791e000 rw-p 00000000 00:00 0                          [stack:10740]
7faef791e000-7faef8000000 r--p 00000000 08:02 3676900                    /usr/lib/locale/locale-archive
7faef8000000-7faef8021000 rw-p 00000000 00:00 0 
7faef8021000-7faefc000000 ---p 00000000 00:00 0 
7faefc000000-7faefc021000 rw-p 00000000 00:00 0 
7faefc021000-7faf00000000 ---p 00000000 00:00 0 
7faf00000000-7faf00021000 rw-p 00000000 00:00 0 
7faf00021000-7faf04000000 ---p 00000000 00:00 0 
7faf04000000-7faf04021000 rw-p 00000000 00:00 0 
7faf04021000-7faf08000000 ---p 00000000 00:00 0 
7faf08000000-7faf08021000 rw-p 00000000 00:00 0 
7faf08021000-7faf0c000000 ---p 00000000 00:00 0 
7faf0c000000-7faf0c001000 r--s 00005000 08:02 1966401                    /home/ben/.sbt/boot/scala-2.10.4/org.scala-sbt/sbt/0.13.5/test-agent-0.13.5.jar
7faf0c001000-7faf0c004000 r--s 0001d000 08:02 1966406                    /home/ben/.sbt/boot/scala-2.10.4/org.scala-sbt/sbt/0.13.5/tasks-0.13.5.jar
7faf0c004000-7faf0c076000 r--s 0065a000 08:02 1836507                    /home/ben/.sbt/boot/scala-2.10.4/lib/scala-library.jar
7faf0c076000-7faf0c0a7000 rw-p 00000000 00:00 0 
7faf0c0a7000-7faf0c0aa000 ---p 00000000 00:00 0 
7faf0c0aa000-7faf0c1a8000 rw-p 00000000 00:00 0                          [stack:10739]
7faf0c1a8000-7faf0c1ab000 ---p 00000000 00:00 0 
7faf0c1ab000-7faf0c2a9000 rw-p 00000000 00:00 0                          [stack:10738]
7faf0c2a9000-7faf0c2ac000 ---p 00000000 00:00 0 
7faf0c2ac000-7faf0c3aa000 rw-p 00000000 00:00 0                          [stack:10737]
7faf0c3aa000-7faf0c3ad000 ---p 00000000 00:00 0 
7faf0c3ad000-7faf0c4ab000 rw-p 00000000 00:00 0                          [stack:10736]
7faf0c4ab000-7faf0c4ae000 ---p 00000000 00:00 0 
7faf0c4ae000-7faf0c5ac000 rw-p 00000000 00:00 0                          [stack:10735]
7faf0c5ac000-7faf0c5ad000 ---p 00000000 00:00 0 
7faf0c5ad000-7faf0d640000 rw-p 00000000 00:00 0                          [stack:10734]
7faf0d640000-7faf0d800000 r--s 039fb000 08:02 4069001                    /usr/lib/jvm/java-7-oracle/jre/lib/rt.jar
7faf0d800000-7faf10000000 rw-p 00000000 00:00 0 
7faf10000000-7faf10021000 rw-p 00000000 00:00 0 
7faf10021000-7faf14000000 ---p 00000000 00:00 0 
7faf14000000-7faf14002000 r--s 00002000 08:02 1966407                    /home/ben/.sbt/boot/scala-2.10.4/org.scala-sbt/sbt/0.13.5/control-0.13.5.jar
7faf14002000-7faf1401c000 r--s 00107000 08:02 1966091                    /home/ben/.IdeaIC14/config/plugins/Scala/launcher/sbt-launch.jar
7faf1401c000-7faf14401000 rw-p 00000000 00:00 0 
7faf14401000-7faf14402000 ---p 00000000 00:00 0 
7faf14402000-7faf14502000 rw-p 00000000 00:00 0                          [stack:10733]
7faf14502000-7faf14503000 ---p 00000000 00:00 0 
7faf14503000-7faf14603000 rw-p 00000000 00:00 0                          [stack:10732]
7faf14603000-7faf14604000 ---p 00000000 00:00 0 
7faf14604000-7faf14704000 rw-p 00000000 00:00 0                          [stack:10731]
7faf14704000-7faf14705000 ---p 00000000 00:00 0 
7faf14705000-7faf148b0000 rw-p 00000000 00:00 0                          [stack:10730]
7faf148b0000-7faf1495b000 rw-p 00000000 00:00 0 
7faf1495b000-7faf1496a000 rw-p 00000000 00:00 0 
7faf1496a000-7faf149db000 rw-p 00000000 00:00 0 
7faf149db000-7faf14a86000 rw-p 00000000 00:00 0 
7faf14a86000-7faf14b30000 rw-p 00000000 00:00 0 
7faf14b30000-7faf14b86000 rw-p 00000000 00:00 0 
7faf14b86000-7faf14bdb000 rw-p 00000000 00:00 0 
7faf14bdb000-7faf14bdc000 rw-p 00000000 00:00 0 
7faf14bdc000-7faf14e4c000 rwxp 00000000 00:00 0 
7faf14e4c000-7faf17bdc000 rw-p 00000000 00:00 0 
7faf17bdc000-7faf17bf3000 r-xp 00000000 08:02 4329409                    /usr/lib/jvm/java-7-oracle/jre/lib/amd64/libzip.so
7faf17bf3000-7faf17df3000 ---p 00017000 08:02 4329409                    /usr/lib/jvm/java-7-oracle/jre/lib/amd64/libzip.so
7faf17df3000-7faf17df4000 rw-p 00017000 08:02 4329409                    /usr/lib/jvm/java-7-oracle/jre/lib/amd64/libzip.so
7faf17df4000-7faf17dff000 r-xp 00000000 08:02 3411932                    /lib/x86_64-linux-gnu/libnss_files-2.19.so
7faf17dff000-7faf17ffe000 ---p 0000b000 08:02 3411932                    /lib/x86_64-linux-gnu/libnss_files-2.19.so
7faf17ffe000-7faf17fff000 r--p 0000a000 08:02 3411932                    /lib/x86_64-linux-gnu/libnss_files-2.19.so
7faf17fff000-7faf18000000 rw-p 0000b000 08:02 3411932                    /lib/x86_64-linux-gnu/libnss_files-2.19.so
7faf18000000-7faf18c6a000 rw-p 00000000 00:00 0 
7faf18c6a000-7faf1c000000 ---p 00000000 00:00 0 
7faf1c000000-7faf1c003000 r--s 0001d000 08:02 1966405                    /home/ben/.sbt/boot/scala-2.10.4/org.scala-sbt/sbt/0.13.5/task-system-0.13.5.jar
7faf1c003000-7faf1c006000 r--s 0001e000 08:02 1966439                    /home/ben/.sbt/boot/scala-2.10.4/org.scala-sbt/sbt/0.13.5/run-0.13.5.jar
7faf1c006000-7faf1c009000 r--s 00019000 08:02 1966428                    /home/ben/.sbt/boot/scala-2.10.4/org.scala-sbt/sbt/0.13.5/compile-0.13.5.jar
7faf1c009000-7faf1c00d000 r--s 00034000 08:02 1966413                    /home/ben/.sbt/boot/scala-2.10.4/org.scala-sbt/sbt/0.13.5/jsch-0.1.46.jar
7faf1c00d000-7faf1c011000 r--s 00022000 08:02 1966409                    /home/ben/.sbt/boot/scala-2.10.4/org.scala-sbt/sbt/0.13.5/sbinary_2.10-0.4.2.jar
7faf1c011000-7faf1c020000 rw-p 00000000 00:00 0 
7faf1c020000-7faf1c091000 rw-p 00000000 00:00 0 
7faf1c091000-7faf1c09c000 r-xp 00000000 08:02 3411942                    /lib/x86_64-linux-gnu/libnss_nis-2.19.so
7faf1c09c000-7faf1c29b000 ---p 0000b000 08:02 3411942                    /lib/x86_64-linux-gnu/libnss_nis-2.19.so
7faf1c29b000-7faf1c29c000 r--p 0000a000 08:02 3411942                    /lib/x86_64-linux-gnu/libnss_nis-2.19.so
7faf1c29c000-7faf1c29d000 rw-p 0000b000 08:02 3411942                    /lib/x86_64-linux-gnu/libnss_nis-2.19.so
7faf1c29d000-7faf1c2b4000 r-xp 00000000 08:02 3411926                    /lib/x86_64-linux-gnu/libnsl-2.19.so
7faf1c2b4000-7faf1c4b3000 ---p 00017000 08:02 3411926                    /lib/x86_64-linux-gnu/libnsl-2.19.so
7faf1c4b3000-7faf1c4b4000 r--p 00016000 08:02 3411926                    /lib/x86_64-linux-gnu/libnsl-2.19.so
7faf1c4b4000-7faf1c4b5000 rw-p 00017000 08:02 3411926                    /lib/x86_64-linux-gnu/libnsl-2.19.so
7faf1c4b5000-7faf1c4b7000 rw-p 00000000 00:00 0 
7faf1c4b7000-7faf1c4c0000 r-xp 00000000 08:02 3411928                    /lib/x86_64-linux-gnu/libnss_compat-2.19.so
7faf1c4c0000-7faf1c6bf000 ---p 00009000 08:02 3411928                    /lib/x86_64-linux-gnu/libnss_compat-2.19.so
7faf1c6bf000-7faf1c6c0000 r--p 00008000 08:02 3411928                    /lib/x86_64-linux-gnu/libnss_compat-2.19.so
7faf1c6c0000-7faf1c6c1000 rw-p 00009000 08:02 3411928                    /lib/x86_64-linux-gnu/libnss_compat-2.19.so
7faf1c6c1000-7faf1c6ea000 r-xp 00000000 08:02 4329411                    /usr/lib/jvm/java-7-oracle/jre/lib/amd64/libjava.so
7faf1c6ea000-7faf1c8ea000 ---p 00029000 08:02 4329411                    /usr/lib/jvm/java-7-oracle/jre/lib/amd64/libjava.so
7faf1c8ea000-7faf1c8ec000 rw-p 00029000 08:02 4329411                    /usr/lib/jvm/java-7-oracle/jre/lib/amd64/libjava.so
7faf1c8ec000-7faf1c8f9000 r-xp 00000000 08:02 4329381                    /usr/lib/jvm/java-7-oracle/jre/lib/amd64/libverify.so
7faf1c8f9000-7faf1caf8000 ---p 0000d000 08:02 4329381                    /usr/lib/jvm/java-7-oracle/jre/lib/amd64/libverify.so
7faf1caf8000-7faf1cafa000 rw-p 0000c000 08:02 4329381                    /usr/lib/jvm/java-7-oracle/jre/lib/amd64/libverify.so
7faf1cafa000-7faf1cb01000 r-xp 00000000 08:02 3411985                    /lib/x86_64-linux-gnu/librt-2.19.so
7faf1cb01000-7faf1cd00000 ---p 00007000 08:02 3411985                    /lib/x86_64-linux-gnu/librt-2.19.so
7faf1cd00000-7faf1cd01000 r--p 00006000 08:02 3411985                    /lib/x86_64-linux-gnu/librt-2.19.so
7faf1cd01000-7faf1cd02000 rw-p 00007000 08:02 3411985                    /lib/x86_64-linux-gnu/librt-2.19.so
7faf1cd02000-7faf1ce07000 r-xp 00000000 08:02 3411907                    /lib/x86_64-linux-gnu/libm-2.19.so
7faf1ce07000-7faf1d006000 ---p 00105000 08:02 3411907                    /lib/x86_64-linux-gnu/libm-2.19.so
7faf1d006000-7faf1d007000 r--p 00104000 08:02 3411907                    /lib/x86_64-linux-gnu/libm-2.19.so
7faf1d007000-7faf1d008000 rw-p 00105000 08:02 3411907                    /lib/x86_64-linux-gnu/libm-2.19.so
7faf1d008000-7faf1db7e000 r-xp 00000000 08:02 4329368                    /usr/lib/jvm/java-7-oracle/jre/lib/amd64/server/libjvm.so
7faf1db7e000-7faf1dd7d000 ---p 00b76000 08:02 4329368                    /usr/lib/jvm/java-7-oracle/jre/lib/amd64/server/libjvm.so
7faf1dd7d000-7faf1de41000 rw-p 00b75000 08:02 4329368                    /usr/lib/jvm/java-7-oracle/jre/lib/amd64/server/libjvm.so
7faf1de41000-7faf1de82000 rw-p 00000000 00:00 0 
7faf1de82000-7faf1e03e000 r-xp 00000000 08:02 3411857                    /lib/x86_64-linux-gnu/libc-2.19.so
7faf1e03e000-7faf1e23d000 ---p 001bc000 08:02 3411857                    /lib/x86_64-linux-gnu/libc-2.19.so
7faf1e23d000-7faf1e241000 r--p 001bb000 08:02 3411857                    /lib/x86_64-linux-gnu/libc-2.19.so
7faf1e241000-7faf1e243000 rw-p 001bf000 08:02 3411857                    /lib/x86_64-linux-gnu/libc-2.19.so
7faf1e243000-7faf1e248000 rw-p 00000000 00:00 0 
7faf1e248000-7faf1e24b000 r-xp 00000000 08:02 3411874                    /lib/x86_64-linux-gnu/libdl-2.19.so
7faf1e24b000-7faf1e44a000 ---p 00003000 08:02 3411874                    /lib/x86_64-linux-gnu/libdl-2.19.so
7faf1e44a000-7faf1e44b000 r--p 00002000 08:02 3411874                    /lib/x86_64-linux-gnu/libdl-2.19.so
7faf1e44b000-7faf1e44c000 rw-p 00003000 08:02 3411874                    /lib/x86_64-linux-gnu/libdl-2.19.so
7faf1e44c000-7faf1e461000 r-xp 00000000 08:02 3937155                    /usr/lib/jvm/java-7-oracle/lib/amd64/jli/libjli.so
7faf1e461000-7faf1e660000 ---p 00015000 08:02 3937155                    /usr/lib/jvm/java-7-oracle/lib/amd64/jli/libjli.so
7faf1e660000-7faf1e661000 rw-p 00014000 08:02 3937155                    /usr/lib/jvm/java-7-oracle/lib/amd64/jli/libjli.so
7faf1e661000-7faf1e67a000 r-xp 00000000 08:02 3411977                    /lib/x86_64-linux-gnu/libpthread-2.19.so
7faf1e67a000-7faf1e879000 ---p 00019000 08:02 3411977                    /lib/x86_64-linux-gnu/libpthread-2.19.so
7faf1e879000-7faf1e87a000 r--p 00018000 08:02 3411977                    /lib/x86_64-linux-gnu/libpthread-2.19.so
7faf1e87a000-7faf1e87b000 rw-p 00019000 08:02 3411977                    /lib/x86_64-linux-gnu/libpthread-2.19.so
7faf1e87b000-7faf1e87f000 rw-p 00000000 00:00 0 
7faf1e87f000-7faf1e8a2000 r-xp 00000000 08:02 3411833                    /lib/x86_64-linux-gnu/ld-2.19.so
7faf1e8a2000-7faf1e8a5000 r--s 00018000 08:02 1966430                    /home/ben/.sbt/boot/scala-2.10.4/org.scala-sbt/sbt/0.13.5/logging-0.13.5.jar
7faf1e8a5000-7faf1e8a8000 r--s 00013000 08:02 1966440                    /home/ben/.sbt/boot/scala-2.10.4/org.scala-sbt/sbt/0.13.5/classpath-0.13.5.jar
7faf1e8a8000-7faf1e8aa000 r--s 00001000 08:02 1966420                    /home/ben/.sbt/boot/scala-2.10.4/org.scala-sbt/sbt/0.13.5/cross-0.13.5.jar
7faf1e8aa000-7faf1e8cd000 rw-p 00000000 00:00 0 
7faf1e8cd000-7faf1e983000 rw-p 00000000 00:00 0 
7faf1e983000-7faf1e986000 ---p 00000000 00:00 0 
7faf1e986000-7faf1ea88000 rw-p 00000000 00:00 0                          [stack:10729]
7faf1ea88000-7faf1ea89000 r--s 0000a000 08:02 1966410                    /home/ben/.sbt/boot/scala-2.10.4/org.scala-sbt/sbt/0.13.5/tracking-0.13.5.jar
7faf1ea89000-7faf1ea8a000 r--s 00005000 08:02 1966414                    /home/ben/.sbt/boot/scala-2.10.4/org.scala-sbt/sbt/0.13.5/sbt-0.13.5.jar
7faf1ea8a000-7faf1ea8c000 r--s 00002000 08:02 1966408                    /home/ben/.sbt/boot/scala-2.10.4/org.scala-sbt/sbt/0.13.5/test-interface-1.0.jar
7faf1ea8c000-7faf1ea90000 r--s 00025000 08:02 1836506                    /home/ben/.sbt/boot/scala-2.10.4/lib/jline.jar
7faf1ea90000-7faf1ea93000 r--s 00018000 08:02 1836504                    /home/ben/.sbt/boot/scala-2.10.4/lib/jansi.jar
7faf1ea93000-7faf1ea95000 r--s 00016000 08:02 1573242                    /home/ben/Programming/idea-IC-141.178.9/lib/idea_rt.jar
7faf1ea95000-7faf1ea9d000 rw-s 00000000 08:02 5901937                    /tmp/hsperfdata_ben/10727
7faf1ea9d000-7faf1ea9e000 rw-p 00000000 00:00 0 
7faf1ea9e000-7faf1ea9f000 r--p 00000000 00:00 0 
7faf1ea9f000-7faf1eaa1000 rw-p 00000000 00:00 0 
7faf1eaa1000-7faf1eaa2000 r--p 00022000 08:02 3411833                    /lib/x86_64-linux-gnu/ld-2.19.so
7faf1eaa2000-7faf1eaa3000 rw-p 00023000 08:02 3411833                    /lib/x86_64-linux-gnu/ld-2.19.so
7faf1eaa3000-7faf1eaa4000 rw-p 00000000 00:00 0 
7fffc8e6a000-7fffc8e8b000 rw-p 00000000 00:00 0                          [stack]
7fffc8fa7000-7fffc8fa9000 r-xp 00000000 00:00 0                          [vdso]
ffffffffff600000-ffffffffff601000 r-xp 00000000 00:00 0                  [vsyscall]

VM Arguments:
jvm_args: -Xms512M -Xmx1024M -Xss1M -XX:+CMSClassUnloadingEnabled -XX:MaxPermSize=256M -Didea.launcher.port=7533 -Didea.launcher.bin.path=/home/ben/Programming/idea-IC-141.178.9/bin -Dfile.encoding=UTF-8 
java_command: com.intellij.rt.execution.application.AppMain xsbt.boot.Boot run-main GeoPicassoRx
Launcher Type: SUN_STANDARD

Environment Variables:
PATH=/usr/local/sbin:/usr/local/bin:/usr/sbin:/usr/bin:/sbin:/bin:/usr/games:/usr/local/games
LD_LIBRARY_PATH=/home/ben/Programming/idea-IC-141.178.9/bin:
SHELL=/bin/bash
DISPLAY=:0

Signal Handlers:
SIGSEGV: [libjvm.so+0x9a3b20], sa_mask[0]=0x7ffbfeff, sa_flags=0x10000004
SIGBUS: [libjvm.so+0x9a3b20], sa_mask[0]=0x7ffbfeff, sa_flags=0x10000004
SIGFPE: [libjvm.so+0x81e740], sa_mask[0]=0x7ffbfeff, sa_flags=0x10000004
SIGPIPE: [libjvm.so+0x81e740], sa_mask[0]=0x7ffbfeff, sa_flags=0x10000004
SIGXFSZ: [libjvm.so+0x81e740], sa_mask[0]=0x7ffbfeff, sa_flags=0x10000004
SIGILL: [libjvm.so+0x81e740], sa_mask[0]=0x7ffbfeff, sa_flags=0x10000004
SIGUSR1: SIG_DFL, sa_mask[0]=0x00000000, sa_flags=0x00000000
SIGUSR2: [libjvm.so+0x81ffb0], sa_mask[0]=0x00000004, sa_flags=0x10000004
SIGHUP: [libjvm.so+0x8210d0], sa_mask[0]=0x7ffbfeff, sa_flags=0x10000004
SIGINT: [libjvm.so+0x8210d0], sa_mask[0]=0x7ffbfeff, sa_flags=0x10000004
SIGTERM: [libjvm.so+0x8210d0], sa_mask[0]=0x7ffbfeff, sa_flags=0x10000004
SIGQUIT: [libjvm.so+0x8210d0], sa_mask[0]=0x7ffbfeff, sa_flags=0x10000004


---------------  S Y S T E M  ---------------

OS:jessie/sid

uname:Linux 3.13.0-49-generic #83-Ubuntu SMP Fri Apr 10 20:11:33 UTC 2015 x86_64
libc:glibc 2.19 NPTL 2.19 
rlimit: STACK 8192k, CORE 0k, NPROC 62414, NOFILE 4096, AS infinity
load average:1.30 1.05 0.86

/proc/meminfo:
MemTotal:        8077516 kB
MemFree:          454016 kB
Buffers:          145480 kB
Cached:          1934556 kB
SwapCached:            0 kB
Active:          5781320 kB
Inactive:        1534524 kB
Active(anon):    5194356 kB
Inactive(anon):   628504 kB
Active(file):     586964 kB
Inactive(file):   906020 kB
Unevictable:          32 kB
Mlocked:              32 kB
SwapTotal:       8288252 kB
SwapFree:        8288252 kB
Dirty:              4544 kB
Writeback:             0 kB
AnonPages:       5235848 kB
Mapped:           498180 kB
Shmem:            587044 kB
Slab:             147864 kB
SReclaimable:     105728 kB
SUnreclaim:        42136 kB
KernelStack:        7224 kB
PageTables:        60672 kB
NFS_Unstable:          0 kB
Bounce:                0 kB
WritebackTmp:          0 kB
CommitLimit:    12327008 kB
Committed_AS:   14505288 kB
VmallocTotal:   34359738367 kB
VmallocUsed:      367876 kB
VmallocChunk:   34359358552 kB
HardwareCorrupted:     0 kB
AnonHugePages:   3053568 kB
HugePages_Total:       0
HugePages_Free:        0
HugePages_Rsvd:        0
HugePages_Surp:        0
Hugepagesize:       2048 kB
DirectMap4k:       70740 kB
DirectMap2M:     1927168 kB
DirectMap1G:     6291456 kB


CPU:total 4 (2 cores per cpu, 2 threads per core) family 6 model 61 stepping 4, cmov, cx8, fxsr, mmx, sse, sse2, sse3, ssse3, sse4.1, sse4.2, popcnt, avx, avx2, aes, erms, ht, tsc, tscinvbit

/proc/cpuinfo:
processor	: 0
vendor_id	: GenuineIntel
cpu family	: 6
model		: 61
model name	: Intel(R) Core(TM) M-5Y10c CPU @ 0.80GHz
stepping	: 4
microcode	: 0x18
cpu MHz		: 500.000
cache size	: 4096 KB
physical id	: 0
siblings	: 4
core id		: 0
cpu cores	: 2
apicid		: 0
initial apicid	: 0
fpu		: yes
fpu_exception	: yes
cpuid level	: 20
wp		: yes
flags		: fpu vme de pse tsc msr pae mce cx8 apic sep mtrr pge mca cmov pat pse36 clflush dts acpi mmx fxsr sse sse2 ss ht tm pbe syscall nx pdpe1gb rdtscp lm constant_tsc arch_perfmon pebs bts rep_good nopl xtopology nonstop_tsc aperfmperf eagerfpu pni pclmulqdq dtes64 monitor ds_cpl vmx est tm2 ssse3 fma cx16 xtpr pdcm pcid sse4_1 sse4_2 x2apic movbe popcnt tsc_deadline_timer aes xsave avx f16c rdrand lahf_lm abm 3dnowprefetch ida arat epb xsaveopt pln pts dtherm tpr_shadow vnmi flexpriority ept vpid fsgsbase tsc_adjust bmi1 avx2 smep bmi2 erms invpcid rdseed adx smap
bogomips	: 1995.42
clflush size	: 64
cache_alignment	: 64
address sizes	: 39 bits physical, 48 bits virtual
power management:

processor	: 1
vendor_id	: GenuineIntel
cpu family	: 6
model		: 61
model name	: Intel(R) Core(TM) M-5Y10c CPU @ 0.80GHz
stepping	: 4
microcode	: 0x18
cpu MHz		: 500.000
cache size	: 4096 KB
physical id	: 0
siblings	: 4
core id		: 1
cpu cores	: 2
apicid		: 2
initial apicid	: 2
fpu		: yes
fpu_exception	: yes
cpuid level	: 20
wp		: yes
flags		: fpu vme de pse tsc msr pae mce cx8 apic sep mtrr pge mca cmov pat pse36 clflush dts acpi mmx fxsr sse sse2 ss ht tm pbe syscall nx pdpe1gb rdtscp lm constant_tsc arch_perfmon pebs bts rep_good nopl xtopology nonstop_tsc aperfmperf eagerfpu pni pclmulqdq dtes64 monitor ds_cpl vmx est tm2 ssse3 fma cx16 xtpr pdcm pcid sse4_1 sse4_2 x2apic movbe popcnt tsc_deadline_timer aes xsave avx f16c rdrand lahf_lm abm 3dnowprefetch ida arat epb xsaveopt pln pts dtherm tpr_shadow vnmi flexpriority ept vpid fsgsbase tsc_adjust bmi1 avx2 smep bmi2 erms invpcid rdseed adx smap
bogomips	: 1995.42
clflush size	: 64
cache_alignment	: 64
address sizes	: 39 bits physical, 48 bits virtual
power management:

processor	: 2
vendor_id	: GenuineIntel
cpu family	: 6
model		: 61
model name	: Intel(R) Core(TM) M-5Y10c CPU @ 0.80GHz
stepping	: 4
microcode	: 0x18
cpu MHz		: 800.000
cache size	: 4096 KB
physical id	: 0
siblings	: 4
core id		: 0
cpu cores	: 2
apicid		: 1
initial apicid	: 1
fpu		: yes
fpu_exception	: yes
cpuid level	: 20
wp		: yes
flags		: fpu vme de pse tsc msr pae mce cx8 apic sep mtrr pge mca cmov pat pse36 clflush dts acpi mmx fxsr sse sse2 ss ht tm pbe syscall nx pdpe1gb rdtscp lm constant_tsc arch_perfmon pebs bts rep_good nopl xtopology nonstop_tsc aperfmperf eagerfpu pni pclmulqdq dtes64 monitor ds_cpl vmx est tm2 ssse3 fma cx16 xtpr pdcm pcid sse4_1 sse4_2 x2apic movbe popcnt tsc_deadline_timer aes xsave avx f16c rdrand lahf_lm abm 3dnowprefetch ida arat epb xsaveopt pln pts dtherm tpr_shadow vnmi flexpriority ept vpid fsgsbase tsc_adjust bmi1 avx2 smep bmi2 erms invpcid rdseed adx smap
bogomips	: 1995.42
clflush size	: 64
cache_alignment	: 64
address sizes	: 39 bits physical, 48 bits virtual
power management:

processor	: 3
vendor_id	: GenuineIntel
cpu family	: 6
model		: 61
model name	: Intel(R) Core(TM) M-5Y10c CPU @ 0.80GHz
stepping	: 4
microcode	: 0x18
cpu MHz		: 800.000
cache size	: 4096 KB
physical id	: 0
siblings	: 4
core id		: 1
cpu cores	: 2
apicid		: 3
initial apicid	: 3
fpu		: yes
fpu_exception	: yes
cpuid level	: 20
wp		: yes
flags		: fpu vme de pse tsc msr pae mce cx8 apic sep mtrr pge mca cmov pat pse36 clflush dts acpi mmx fxsr sse sse2 ss ht tm pbe syscall nx pdpe1gb rdtscp lm constant_tsc arch_perfmon pebs bts rep_good nopl xtopology nonstop_tsc aperfmperf eagerfpu pni pclmulqdq dtes64 monitor ds_cpl vmx est tm2 ssse3 fma cx16 xtpr pdcm pcid sse4_1 sse4_2 x2apic movbe popcnt tsc_deadline_timer aes xsave avx f16c rdrand lahf_lm abm 3dnowprefetch ida arat epb xsaveopt pln pts dtherm tpr_shadow vnmi flexpriority ept vpid fsgsbase tsc_adjust bmi1 avx2 smep bmi2 erms invpcid rdseed adx smap
bogomips	: 1995.42
clflush size	: 64
cache_alignment	: 64
address sizes	: 39 bits physical, 48 bits virtual
power management:



Memory: 4k page, physical 8077516k(453768k free), swap 8288252k(8288252k free)

vm_info: Java HotSpot(TM) 64-Bit Server VM (24.80-b11) for linux-amd64 JRE (1.7.0_80-b15), built on Apr 10 2015 19:53:14 by "java_re" with gcc 4.3.0 20080428 (Red Hat 4.3.0-8)

time: Sat Apr 25 20:23:32 2015
elapsed time: 3 seconds

